<?xml version="1.0" encoding="UTF-8"?>
<!-- Generated by org.testng.reporters.JUnitReportReporter -->
<testsuite skipped="0" hostname="Amar" name="com.VTiger.TestCases.TC02_CreateOrg_DD" tests="1" failures="0" timestamp="03 May 2022 10:22:28 GMT" time="47.151" errors="0">
  <testcase name="createorg_dd" time="47.151" classname="com.VTiger.TestCases.TC02_CreateOrg_DD"/>
</testsuite> <!-- com.VTiger.TestCases.TC02_CreateOrg_DD -->
