<?xml version="1.0" encoding="UTF-8"?>
<!-- Generated by org.testng.reporters.JUnitReportReporter -->
<testsuite skipped="0" hostname="Amar" name="com.Vtiger.genric.JavaUtil" tests="1" failures="0" timestamp="26 Apr 2022 10:48:51 GMT" time="0.049" errors="0">
  <testcase name="createRandomnumber" time="0.049" classname="com.Vtiger.genric.JavaUtil"/>
</testsuite> <!-- com.Vtiger.genric.JavaUtil -->
