<?xml version="1.0" encoding="UTF-8"?>
<!-- Generated by org.testng.reporters.JUnitReportReporter -->
<testsuite skipped="0" hostname="Amar" name="com.TESTNG.pac.Test1" tests="1" failures="0" timestamp="03 May 2022 09:56:49 GMT" time="0.005" errors="0">
  <testcase name="testWebapp" time="0.005" classname="com.TESTNG.pac.Test1"/>
</testsuite> <!-- com.TESTNG.pac.Test1 -->
