<?xml version="1.0" encoding="UTF-8"?>
<!-- Generated by org.testng.reporters.JUnitReportReporter -->
<testsuite skipped="2" hostname="Amar" name="com.TESTNG.pac.Test1" tests="3" failures="0" timestamp="04 May 2022 07:26:51 GMT" time="0.053" errors="0">
  <testcase name="testWebapp1" time="0.045" classname="com.TESTNG.pac.Test1"/>
  <testcase name="testWebapp2" time="0.008" classname="com.TESTNG.pac.Test1">
    <skipped/>
  </testcase> <!-- testWebapp2 -->
  <testcase name="testAndroidapp" classname="com.TESTNG.pac.Test1">
    <skipped/>
  </testcase> <!-- testAndroidapp -->
</testsuite> <!-- com.TESTNG.pac.Test1 -->
