<?xml version="1.0" encoding="UTF-8"?>
<!-- Generated by org.testng.reporters.JUnitReportReporter -->
<testsuite skipped="0" hostname="Amar" name="com.VTiger.TestCases.TC03_CreateContact_org" tests="1" failures="0" timestamp="03 May 2022 11:57:34 GMT" time="76.105" errors="0">
  <testcase name="createcontact_org" time="76.105" classname="com.VTiger.TestCases.TC03_CreateContact_org"/>
</testsuite> <!-- com.VTiger.TestCases.TC03_CreateContact_org -->
