<?xml version="1.0" encoding="UTF-8"?>
<!-- Generated by org.testng.reporters.JUnitReportReporter -->
<testsuite skipped="0" hostname="Amar" name="com.VTiger.TestCases.TC02_CreateOrg_DD" tests="1" failures="0" timestamp="04 May 2022 07:35:22 GMT" time="51.082" errors="0">
  <testcase name="createorg_dd" time="51.082" classname="com.VTiger.TestCases.TC02_CreateOrg_DD"/>
</testsuite> <!-- com.VTiger.TestCases.TC02_CreateOrg_DD -->
