<?xml version="1.0" encoding="UTF-8"?>
<!-- Generated by org.testng.reporters.JUnitReportReporter -->
<testsuite skipped="0" hostname="Amar" name="com.VTiger.TestCases.TC01_CreateOrg" tests="1" failures="0" timestamp="03 May 2022 10:22:28 GMT" time="45.036" errors="0">
  <testcase name="createorg" time="45.036" classname="com.VTiger.TestCases.TC01_CreateOrg"/>
</testsuite> <!-- com.VTiger.TestCases.TC01_CreateOrg -->
