<?xml version="1.0" encoding="UTF-8"?>
<!-- Generated by org.testng.reporters.JUnitReportReporter -->
<testsuite skipped="0" hostname="Amar" name="com.TESTNG.pac.Test2" tests="1" failures="0" timestamp="03 May 2022 09:56:49 GMT" time="0.041" errors="0">
  <testcase name="testdesktopapp" time="0.041" classname="com.TESTNG.pac.Test2"/>
</testsuite> <!-- com.TESTNG.pac.Test2 -->
