<?xml version="1.0" encoding="UTF-8"?>
<!-- Generated by org.testng.reporters.JUnitReportReporter -->
<testsuite skipped="0" hostname="Amar" name="com.VTiger.TestCases.TC_03CreateContact_org" tests="1" failures="0" timestamp="02 May 2022 06:57:55 GMT" time="93.529" errors="0">
  <testcase name="createcontact_org" time="93.529" classname="com.VTiger.TestCases.TC_03CreateContact_org"/>
</testsuite> <!-- com.VTiger.TestCases.TC_03CreateContact_org -->
