<?xml version="1.0" encoding="UTF-8"?>
<!-- Generated by org.testng.reporters.JUnitReportReporter -->
<testsuite skipped="0" hostname="Amar" name="com.VTiger.TestCases.TC01_CreateOrg" tests="1" failures="0" timestamp="03 May 2022 05:57:41 GMT" time="82.267" errors="0">
  <testcase name="createorg" time="82.267" classname="com.VTiger.TestCases.TC01_CreateOrg"/>
</testsuite> <!-- com.VTiger.TestCases.TC01_CreateOrg -->
