<?xml version="1.0" encoding="UTF-8"?>
<!-- Generated by org.testng.reporters.JUnitReportReporter -->
<testsuite skipped="0" hostname="Amar" name="com.Practice.ExtentReportt" tests="1" failures="0" timestamp="13 Jun 2022 07:25:39 GMT" time="24.088" errors="0">
  <testcase name="test" time="24.088" classname="com.Practice.ExtentReportt"/>
</testsuite> <!-- com.Practice.ExtentReportt -->
