<?xml version="1.0" encoding="UTF-8"?>
<!-- Generated by org.testng.reporters.JUnitReportReporter -->
<testsuite skipped="0" hostname="Amar" name="com.VTiger.TestCases.TC03_CreateContact_org" tests="1" failures="0" timestamp="03 May 2022 10:22:28 GMT" time="71.719" errors="0">
  <testcase name="createcontact_org" time="71.719" classname="com.VTiger.TestCases.TC03_CreateContact_org"/>
</testsuite> <!-- com.VTiger.TestCases.TC03_CreateContact_org -->
